<?xml version="1.0" encoding="UTF-8"?>
<testng-results skipped="0" failed="0" ignored="0" total="1" passed="1">
  <reporter-output>
  </reporter-output>
  <suite name="Default suite" duration-ms="10271" started-at="2020-07-05T01:15:56 IST" finished-at="2020-07-05T01:16:06 IST">
    <groups>
    </groups>
    <test name="Default test" duration-ms="10271" started-at="2020-07-05T01:15:56 IST" finished-at="2020-07-05T01:16:06 IST">
      <class name="TestCase.NewTest">
        <test-method status="PASS" signature="beforeClass()[pri:0, instance:TestCase.NewTest@768b970c]" name="beforeClass" is-config="true" duration-ms="8545" started-at="2020-07-05T01:15:56 IST" finished-at="2020-07-05T01:16:04 IST">
          <reporter-output>
          </reporter-output>
        </test-method> <!-- beforeClass -->
        <test-method status="PASS" signature="f()[pri:1, instance:TestCase.NewTest@768b970c]" name="f" duration-ms="992" started-at="2020-07-05T01:16:04 IST" finished-at="2020-07-05T01:16:05 IST">
          <reporter-output>
          </reporter-output>
        </test-method> <!-- f -->
        <test-method status="PASS" signature="afterClass()[pri:0, instance:TestCase.NewTest@768b970c]" name="afterClass" is-config="true" duration-ms="666" started-at="2020-07-05T01:16:05 IST" finished-at="2020-07-05T01:16:06 IST">
          <reporter-output>
          </reporter-output>
        </test-method> <!-- afterClass -->
      </class> <!-- TestCase.NewTest -->
    </test> <!-- Default test -->
  </suite> <!-- Default suite -->
</testng-results>
